d:\data\cpp\consoleapplication1\consoleapplication1\debug\common.obj
d:\data\cpp\consoleapplication1\consoleapplication1\debug\display.obj
d:\data\cpp\consoleapplication1\consoleapplication1\debug\main.obj
d:\data\cpp\consoleapplication1\consoleapplication1\debug\snake.obj
d:\data\cpp\consoleapplication1\consoleapplication1\debug\snake_game.obj
d:\data\cpp\consoleapplication1\consoleapplication1\debug\vc110.pdb
d:\data\cpp\snakegame(기본소스)\consoleapplication1\debug\common.obj
d:\data\cpp\snakegame(기본소스)\consoleapplication1\debug\display.obj
d:\data\cpp\snakegame(기본소스)\consoleapplication1\debug\main.obj
d:\data\cpp\snakegame(기본소스)\consoleapplication1\debug\snake.obj
d:\data\cpp\snakegame(기본소스)\consoleapplication1\debug\snake_game.obj
d:\data\cpp\snakegame(기본소스)\consoleapplication1\debug\vc110.pdb
d:\data\cpp\consoleapplication1\debug\consoleapplication1.ilk
d:\data\cpp\consoleapplication1\debug\consoleapplication1.exe
d:\data\cpp\consoleapplication1\debug\consoleapplication1.pdb
d:\data\cpp\snakegame(기본소스)\debug\consoleapplication1.ilk
d:\data\cpp\snakegame(기본소스)\debug\consoleapplication1.exe
d:\data\cpp\snakegame(기본소스)\debug\consoleapplication1.pdb
f:\한성현교수님\프로젝트\snakegame(기본소스)\consoleapplication1\debug\vc141.pdb
f:\한성현교수님\프로젝트\snakegame(기본소스)\consoleapplication1\debug\vc141.idb
f:\한성현교수님\프로젝트\snakegame(기본소스)\consoleapplication1\debug\common.obj
f:\한성현교수님\프로젝트\snakegame(기본소스)\consoleapplication1\debug\display.obj
f:\한성현교수님\프로젝트\snakegame(기본소스)\consoleapplication1\debug\main.obj
f:\한성현교수님\프로젝트\snakegame(기본소스)\consoleapplication1\debug\snake.obj
f:\한성현교수님\프로젝트\snakegame(기본소스)\consoleapplication1\debug\snake_game.obj
f:\한성현교수님\프로젝트\snakegame(기본소스) - 2인용\consoleapplication1\debug\vc141.pdb
f:\한성현교수님\프로젝트\snakegame(기본소스) - 2인용\consoleapplication1\debug\vc141.idb
f:\한성현교수님\프로젝트\snakegame(기본소스) - 2인용\consoleapplication1\debug\common.obj
f:\한성현교수님\프로젝트\snakegame(기본소스) - 2인용\consoleapplication1\debug\display.obj
f:\한성현교수님\프로젝트\snakegame(기본소스) - 2인용\consoleapplication1\debug\main.obj
f:\한성현교수님\프로젝트\snakegame(기본소스) - 2인용\consoleapplication1\debug\snake.obj
f:\한성현교수님\프로젝트\snakegame(기본소스) - 2인용\consoleapplication1\debug\snake_game.obj
f:\한성현교수님\프로젝트\snakegame(기본소스)\debug\consoleapplication1.exe
f:\한성현교수님\프로젝트\snakegame(기본소스)\debug\consoleapplication1.ilk
f:\한성현교수님\프로젝트\snakegame(기본소스)\debug\consoleapplication1.pdb
f:\한성현교수님\프로젝트\snakegame(기본소스) - 2인용\debug\consoleapplication1.exe
f:\한성현교수님\프로젝트\snakegame(기본소스) - 2인용\debug\consoleapplication1.ilk
f:\한성현교수님\프로젝트\snakegame(기본소스) - 2인용\debug\consoleapplication1.pdb
f:\한성현교수님\프로젝트\snakegame(기본소스) - 2인용\consoleapplication1\debug\cl.read.1.tlog
f:\한성현교수님\프로젝트\snakegame(기본소스) - 2인용\consoleapplication1\debug\cl.write.1.tlog
f:\한성현교수님\프로젝트\snakegame(기본소스) - 2인용\consoleapplication1\debug\cl.command.1.tlog
f:\한성현교수님\프로젝트\snakegame(기본소스) - 2인용\consoleapplication1\debug\link-cvtres.read.1.tlog
f:\한성현교수님\프로젝트\snakegame(기본소스) - 2인용\consoleapplication1\debug\link-cvtres.write.1.tlog
f:\한성현교수님\프로젝트\snakegame(기본소스) - 2인용\consoleapplication1\debug\link-rc.read.1.tlog
f:\한성현교수님\프로젝트\snakegame(기본소스) - 2인용\consoleapplication1\debug\link-rc.write.1.tlog
f:\한성현교수님\프로젝트\snakegame(기본소스) - 2인용\consoleapplication1\debug\link.command.1.tlog
f:\한성현교수님\프로젝트\snakegame(기본소스) - 2인용\consoleapplication1\debug\link.read.1.tlog
f:\한성현교수님\프로젝트\snakegame(기본소스) - 2인용\consoleapplication1\debug\link.write.1.tlog
f:\한성현교수님\프로젝트\snakegame(기본소스) - 2인용\consoleapplication1\debug\vc110.idb
f:\한성현교수님\프로젝트\snakegame(기본소스) - 2인용\consoleapplication1\debug\vc110.pdb
f:\한성현교수님\프로젝트\snakegame(기본소스) - 2인용\consoleapplication1\debug\consolea.a360e9aa.tlog\cl.command.1.tlog
f:\한성현교수님\프로젝트\snakegame(기본소스) - 2인용\consoleapplication1\debug\consolea.a360e9aa.tlog\link.delete.1.tlog
f:\한성현교수님\프로젝트\snakegame(기본소스) - 2인용\consoleapplication1\debug\consolea.a360e9aa.tlog\link.command.1.tlog
f:\한성현교수님\프로젝트\snakegame(기본소스) - 2인용\consoleapplication1\debug\consolea.a360e9aa.tlog\cl.read.1.tlog
f:\한성현교수님\프로젝트\snakegame(기본소스) - 2인용\consoleapplication1\debug\consolea.a360e9aa.tlog\link.read.1.tlog
f:\한성현교수님\프로젝트\snakegame(기본소스) - 2인용\consoleapplication1\debug\consolea.a360e9aa.tlog\cl.write.1.tlog
f:\한성현교수님\프로젝트\snakegame(기본소스) - 2인용\consoleapplication1\debug\consolea.a360e9aa.tlog\link.write.1.tlog
